<?xml version="1.0" encoding="UTF-8"?>
<!-- Generated by org.testng.reporters.JUnitReportReporter -->
<testsuite skipped="0" hostname="CBR-LAP-DEL2890" name="com.cloud.test.CoreHR.TC_MSS_Terminate_an_Employee" tests="1" failures="0" timestamp="16 Jul 2018 06:09:14 GMT" time="74.070" errors="0">
  <testcase name="MSS_Terminate_an_Employee" time="74.070" classname="com.cloud.test.CoreHR.TC_MSS_Terminate_an_Employee"/>
</testsuite> <!-- com.cloud.test.CoreHR.TC_MSS_Terminate_an_Employee -->
