<?xml version="1.0" encoding="UTF-8"?>
<!-- Generated by org.testng.reporters.JUnitReportReporter -->
<testsuite skipped="0" hostname="CBR-LAP-DEL2890" name="com.cloud.test.Finance.TC_StandardInvoiceWithAttachment" tests="1" failures="0" timestamp="14 Jun 2018 12:54:07 GMT" time="341.468" errors="0">
  <testcase name="Cloud_Standard_Inv_Attachment" time="341.468" classname="com.cloud.test.Finance.TC_StandardInvoiceWithAttachment"/>
</testsuite> <!-- com.cloud.test.Finance.TC_StandardInvoiceWithAttachment -->
