<?xml version="1.0" encoding="UTF-8"?>
<!-- Generated by org.testng.reporters.JUnitReportReporter -->
<testsuite skipped="0" hostname="CBR-LAP-DEL2890" name="com.cloud.test.HCM.TC_HR_Change_Manager" tests="1" failures="0" timestamp="20 Jul 2018 12:50:14 GMT" time="155.799" errors="0">
  <testcase name="HR_Change_Manager" time="155.799" classname="com.cloud.test.HCM.TC_HR_Change_Manager"/>
</testsuite> <!-- com.cloud.test.HCM.TC_HR_Change_Manager -->
