<?xml version="1.0" encoding="UTF-8"?>
<!-- Generated by org.testng.reporters.JUnitReportReporter -->
<testsuite skipped="0" hostname="CBR-LAP-DEL2890" name="com.cloud.test.HCM.TC_ESS_Manage_Document_Records" tests="1" failures="0" timestamp="23 Jul 2018 11:30:12 GMT" time="173.553" errors="0">
  <testcase name="ESS_Manage_Document_Records" time="173.553" classname="com.cloud.test.HCM.TC_ESS_Manage_Document_Records"/>
</testsuite> <!-- com.cloud.test.HCM.TC_ESS_Manage_Document_Records -->
