<?xml version="1.0" encoding="UTF-8"?>
<!-- Generated by org.testng.reporters.JUnitReportReporter -->
<testsuite skipped="1" hostname="CBR-LAP-DEL2890" name="com.cloud.test.CoreHR.TC_Update_Employee_Salary" tests="1" failures="0" timestamp="16 Jul 2018 06:09:14 GMT" time="15.492" errors="0">
  <testcase name="Update_Employee_Salary" time="15.492" classname="com.cloud.test.CoreHR.TC_Update_Employee_Salary">
    <skipped/>
  </testcase> <!-- Update_Employee_Salary -->
</testsuite> <!-- com.cloud.test.CoreHR.TC_Update_Employee_Salary -->
