<?xml version="1.0" encoding="UTF-8"?>
<!-- Generated by org.testng.reporters.JUnitReportReporter -->
<testsuite skipped="0" hostname="CBR-LAP-DEL2890" name="com.cloud.test.HCM.Phase2.ProfileManagement_Assign_Competency_to_an_Employee_by_HR" tests="1" failures="0" timestamp="19 Jul 2018 15:39:16 GMT" time="108.963" errors="0">
  <testcase name="PM_Assign_Competency_Employee" time="108.963" classname="com.cloud.test.HCM.Phase2.ProfileManagement_Assign_Competency_to_an_Employee_by_HR"/>
</testsuite> <!-- com.cloud.test.HCM.Phase2.ProfileManagement_Assign_Competency_to_an_Employee_by_HR -->
