<?xml version="1.0" encoding="UTF-8"?>
<!-- Generated by org.testng.reporters.JUnitReportReporter -->
<testsuite skipped="0" hostname="CBR-LAP-DEL2890" name="com.cloud.test.HCM.TC_MSS_Change_Manager" tests="1" failures="0" timestamp="23 Jul 2018 13:15:58 GMT" time="109.412" errors="0">
  <testcase name="MSS_Change_Manager" time="109.412" classname="com.cloud.test.HCM.TC_MSS_Change_Manager"/>
</testsuite> <!-- com.cloud.test.HCM.TC_MSS_Change_Manager -->
