<?xml version="1.0" encoding="UTF-8"?>
<!-- Generated by org.testng.reporters.JUnitReportReporter -->
<testsuite skipped="0" hostname="CBR-LAP-DEL2890" name="com.cloud.test.CoreHR.TC_CoreHR_NewHire_of_an_Employee" tests="1" failures="0" timestamp="16 Jul 2018 06:09:14 GMT" time="271.896" errors="0">
  <testcase name="HCM_CoreHR_NewHire" time="271.896" classname="com.cloud.test.CoreHR.TC_CoreHR_NewHire_of_an_Employee"/>
</testsuite> <!-- com.cloud.test.CoreHR.TC_CoreHR_NewHire_of_an_Employee -->
