<?xml version="1.0" encoding="UTF-8"?>
<!-- Generated by org.testng.reporters.JUnitReportReporter -->
<testsuite skipped="0" hostname="CBR-LAP-DEL2890" name="com.cloud.test.HCM.TC_Update_Personal_Information" tests="1" failures="0" timestamp="20 Jul 2018 13:16:32 GMT" time="82.012" errors="0">
  <testcase name="Cloud_Personal_Inforamtion" time="82.012" classname="com.cloud.test.HCM.TC_Update_Personal_Information"/>
</testsuite> <!-- com.cloud.test.HCM.TC_Update_Personal_Information -->
