<?xml version="1.0" encoding="UTF-8"?>
<!-- Generated by org.testng.reporters.JUnitReportReporter -->
<testsuite skipped="0" hostname="CBR-LAP-DEL2890" name="com.cloud.test.HCM.Phase2.ProfileManagement_Create_an_Educational_Establishments_by_HR_SPD" tests="1" failures="0" timestamp="19 Jul 2018 09:48:06 GMT" time="60.307" errors="0">
  <testcase name="PM_Educational_Establishments" time="60.307" classname="com.cloud.test.HCM.Phase2.ProfileManagement_Create_an_Educational_Establishments_by_HR_SPD"/>
</testsuite> <!-- com.cloud.test.HCM.Phase2.ProfileManagement_Create_an_Educational_Establishments_by_HR_SPD -->
