<?xml version="1.0" encoding="UTF-8"?>
<!-- Generated by org.testng.reporters.JUnitReportReporter -->
<testsuite skipped="0" hostname="CBR-LAP-DEL2890" name="com.cloud.test.TC_UpdateAddress" tests="2" failures="0" timestamp="17 Apr 2018 11:32:45 GMT" time="159.072" errors="0">
  <testcase name="Cloud_BioGraphical_Inforamtion" time="93.580" classname="com.cloud.test.TC_UpdateAddress"/>
  <testcase name="Cloud_Personal_Inforamtion" time="65.492" classname="com.cloud.test.TC_UpdateAddress"/>
</testsuite> <!-- com.cloud.test.TC_UpdateAddress -->
