<?xml version="1.0" encoding="UTF-8"?>
<!-- Generated by org.testng.reporters.JUnitReportReporter -->
<testsuite skipped="0" hostname="CBR-LAP-DEL2890" name="com.cloud.test.HCM.TC_HR_Applies_Leave_on_Behalf_of_Employee" tests="1" failures="0" timestamp="20 Jul 2018 12:46:19 GMT" time="113.428" errors="0">
  <testcase name="HR_Applies_Leave" time="113.428" classname="com.cloud.test.HCM.TC_HR_Applies_Leave_on_Behalf_of_Employee"/>
</testsuite> <!-- com.cloud.test.HCM.TC_HR_Applies_Leave_on_Behalf_of_Employee -->
