<?xml version="1.0" encoding="UTF-8"?>
<!-- Generated by org.testng.reporters.JUnitReportReporter -->
<testsuite skipped="0" hostname="CBR-LAP-DEL2890" name="com.cloud.test.HCM.TC_Manager_Applies_Leave_on_Behalf_of_Employee" tests="1" failures="0" timestamp="23 Jul 2018 14:21:46 GMT" time="77.672" errors="0">
  <testcase name="Manager_Applies_Leave" time="77.672" classname="com.cloud.test.HCM.TC_Manager_Applies_Leave_on_Behalf_of_Employee"/>
</testsuite> <!-- com.cloud.test.HCM.TC_Manager_Applies_Leave_on_Behalf_of_Employee -->
