<?xml version="1.0" encoding="UTF-8"?>
<!-- Generated by org.testng.reporters.JUnitReportReporter -->
<testsuite skipped="0" hostname="CBR-LAP-DEL2890" name="com.cloud.test.HCM.TC_MSS_Terminate_an_Employee" tests="1" failures="0" timestamp="20 Jul 2018 13:08:29 GMT" time="73.455" errors="0">
  <testcase name="MSS_Terminate_an_Employee" time="73.455" classname="com.cloud.test.HCM.TC_MSS_Terminate_an_Employee"/>
</testsuite> <!-- com.cloud.test.HCM.TC_MSS_Terminate_an_Employee -->
