<?xml version="1.0" encoding="UTF-8"?>
<!-- Generated by org.testng.reporters.JUnitReportReporter -->
<testsuite skipped="0" hostname="CBR-LAP-DEL2890" name="com.cloud.test.HCM.TC_MSS_Manage_Document_Records" tests="1" failures="0" timestamp="23 Jul 2018 13:57:28 GMT" time="108.306" errors="0">
  <testcase name="MSS_Manage_Document_Records" time="108.306" classname="com.cloud.test.HCM.TC_MSS_Manage_Document_Records"/>
</testsuite> <!-- com.cloud.test.HCM.TC_MSS_Manage_Document_Records -->
