<?xml version="1.0" encoding="UTF-8"?>
<!-- Generated by org.testng.reporters.JUnitReportReporter -->
<testsuite skipped="0" hostname="CBR-LAP-DEL2890" name="com.cloud.test.Absence.TC_Manager_Applies_Leave_on_Behalf_of_Employee" tests="1" failures="0" timestamp="22 May 2018 13:41:30 GMT" time="86.359" errors="0">
  <testcase name="Manager_Applies_Leave" time="86.359" classname="com.cloud.test.Absence.TC_Manager_Applies_Leave_on_Behalf_of_Employee"/>
</testsuite> <!-- com.cloud.test.Absence.TC_Manager_Applies_Leave_on_Behalf_of_Employee -->
