<?xml version="1.0" encoding="UTF-8"?>
<!-- Generated by org.testng.reporters.JUnitReportReporter -->
<testsuite skipped="0" hostname="CBR-LAP-DEL2890" name="com.cloud.test.HCM.TC_HR_Terminate_an_Employee" tests="1" failures="0" timestamp="20 Jul 2018 15:16:41 GMT" time="114.903" errors="0">
  <testcase name="HR_Terminate_Employee" time="114.903" classname="com.cloud.test.HCM.TC_HR_Terminate_an_Employee"/>
</testsuite> <!-- com.cloud.test.HCM.TC_HR_Terminate_an_Employee -->
