<?xml version="1.0" encoding="UTF-8"?>
<!-- Generated by org.testng.reporters.JUnitReportReporter -->
<testsuite skipped="0" hostname="CBR-LAP-DEL2890" name="com.cloud.util.DynamicTestNGSuite_Finance" tests="1" failures="0" timestamp="17 Jul 2018 09:53:17 GMT" time="123.001" errors="0">
  <testcase name="setTestNGXml" time="123.001" classname="com.cloud.util.DynamicTestNGSuite_Finance"/>
</testsuite> <!-- com.cloud.util.DynamicTestNGSuite_Finance -->
