<?xml version="1.0" encoding="UTF-8"?>
<!-- Generated by org.testng.reporters.JUnitReportReporter -->
<testsuite skipped="0" hostname="CBR-LAP-DEL2890" name="com.cloud.test.HCM.TC_MSS_Change_Location" tests="1" failures="0" timestamp="23 Jul 2018 13:09:20 GMT" time="110.713" errors="0">
  <testcase name="MSS_Change_Location" time="110.713" classname="com.cloud.test.HCM.TC_MSS_Change_Location"/>
</testsuite> <!-- com.cloud.test.HCM.TC_MSS_Change_Location -->
