<?xml version="1.0" encoding="UTF-8"?>
<!-- Generated by org.testng.reporters.JUnitReportReporter -->
<testsuite skipped="0" hostname="CBR-LAP-DEL2890" name="com.cloud.test.HCM.Phase2.GM_Add_goals_from_GoalLibrary_by_an_Employee" tests="1" failures="0" timestamp="27 Jul 2018 12:18:51 GMT" time="43.302" errors="0">
  <testcase name="GM_Add_Goals_from_GL_by_Emp" time="43.302" classname="com.cloud.test.HCM.Phase2.GM_Add_goals_from_GoalLibrary_by_an_Employee"/>
</testsuite> <!-- com.cloud.test.HCM.Phase2.GM_Add_goals_from_GoalLibrary_by_an_Employee -->
