<?xml version="1.0" encoding="UTF-8"?>
<!-- Generated by org.testng.reporters.JUnitReportReporter -->
<testsuite skipped="1" hostname="CBR-LAP-DEL2890" name="com.cloud.test.CoreHR.TC_Update_an_Employee_Assignment" tests="1" failures="0" timestamp="16 Jul 2018 06:09:14 GMT" time="17.480" errors="0">
  <testcase name="Update_Employee_Assignment" time="17.480" classname="com.cloud.test.CoreHR.TC_Update_an_Employee_Assignment">
    <skipped/>
  </testcase> <!-- Update_Employee_Assignment -->
</testsuite> <!-- com.cloud.test.CoreHR.TC_Update_an_Employee_Assignment -->
