<?xml version="1.0" encoding="UTF-8"?>
<!-- Generated by org.testng.reporters.JUnitReportReporter -->
<testsuite skipped="0" hostname="CBR-LAP-DEL2890" name="com.cloud.test.HCM.TC_Changing_Martial_Status" tests="1" failures="0" timestamp="20 Jul 2018 11:47:36 GMT" time="80.979" errors="0">
  <testcase name="Cloud_BioGraphical_Inforamtion" time="80.979" classname="com.cloud.test.HCM.TC_Changing_Martial_Status"/>
</testsuite> <!-- com.cloud.test.HCM.TC_Changing_Martial_Status -->
