<?xml version="1.0" encoding="UTF-8"?>
<!-- Generated by org.testng.reporters.JUnitReportReporter -->
<testsuite skipped="0" hostname="CBR-LAP-DEL2890" name="com.cloud.test.HCM.TC_HR_Promote_an_Employee" tests="1" failures="0" timestamp="20 Jul 2018 12:53:50 GMT" time="146.572" errors="0">
  <testcase name="HR_Promote_an_Employee" time="146.572" classname="com.cloud.test.HCM.TC_HR_Promote_an_Employee"/>
</testsuite> <!-- com.cloud.test.HCM.TC_HR_Promote_an_Employee -->
