<?xml version="1.0" encoding="UTF-8"?>
<!-- Generated by org.testng.reporters.JUnitReportReporter -->
<testsuite skipped="0" hostname="CBR-LAP-DEL2890" name="com.cloud.test.HCM.TC_MSS_Manage_Direct_Reports" tests="1" failures="0" timestamp="23 Jul 2018 14:40:52 GMT" time="98.075" errors="0">
  <testcase name="MSS_Manage_Direct_Reports" time="98.075" classname="com.cloud.test.HCM.TC_MSS_Manage_Direct_Reports"/>
</testsuite> <!-- com.cloud.test.HCM.TC_MSS_Manage_Direct_Reports -->
