<?xml version="1.0" encoding="UTF-8"?>
<!-- Generated by org.testng.reporters.JUnitReportReporter -->
<testsuite skipped="0" hostname="CBR-LAP-DEL2890" name="com.cloud.test.HCM.TC_HR_Change_Location" tests="1" failures="0" timestamp="20 Jul 2018 15:13:37 GMT" time="138.418" errors="0">
  <testcase name="HR_Change_Location" time="138.418" classname="com.cloud.test.HCM.TC_HR_Change_Location"/>
</testsuite> <!-- com.cloud.test.HCM.TC_HR_Change_Location -->
