<?xml version="1.0" encoding="UTF-8"?>
<!-- Generated by org.testng.reporters.JUnitReportReporter -->
<testsuite skipped="0" hostname="CBR-LAP-DEL2890" name="com.cloud.test.HCM.TC_CoreHR_NewHire_of_an_Employee" tests="1" failures="0" timestamp="20 Jul 2018 15:03:28 GMT" time="264.147" errors="0">
  <testcase name="HCM_CoreHR_NewHire" time="264.147" classname="com.cloud.test.HCM.TC_CoreHR_NewHire_of_an_Employee"/>
</testsuite> <!-- com.cloud.test.HCM.TC_CoreHR_NewHire_of_an_Employee -->
