<?xml version="1.0" encoding="UTF-8"?>
<!-- Generated by org.testng.reporters.JUnitReportReporter -->
<testsuite skipped="0" hostname="CBR-LAP-DEL2890" name="com.cloud.test.Finance.TC_ProcessPayablesToLedgerReconciliation" tests="1" failures="0" timestamp="11 Jul 2018 18:08:30 GMT" time="102.352" errors="0">
  <testcase name="Cloud_Proc_P_Led_Reconciliation" time="102.352" classname="com.cloud.test.Finance.TC_ProcessPayablesToLedgerReconciliation"/>
</testsuite> <!-- com.cloud.test.Finance.TC_ProcessPayablesToLedgerReconciliation -->
