<?xml version="1.0" encoding="UTF-8"?>
<!-- Generated by org.testng.reporters.JUnitReportReporter -->
<testsuite skipped="0" hostname="CBR-LAP-DEL2890" name="com.cloud.test.HCM.TC_HR_Change_Working_Hours" tests="1" failures="0" timestamp="23 Jul 2018 15:02:53 GMT" time="118.630" errors="0">
  <testcase name="HR_Change_Working_Hours" time="118.630" classname="com.cloud.test.HCM.TC_HR_Change_Working_Hours"/>
</testsuite> <!-- com.cloud.test.HCM.TC_HR_Change_Working_Hours -->
