<?xml version="1.0" encoding="UTF-8"?>
<!-- Generated by org.testng.reporters.JUnitReportReporter -->
<testsuite skipped="0" hostname="CBR-LAP-DEL2890" name="com.cloud.test.HCM.TC_MSS_View_Organization_Chart" tests="1" failures="0" timestamp="23 Jul 2018 05:34:31 GMT" time="54.983" errors="0">
  <testcase name="Cloud_Personal_Inforamtion" time="54.983" classname="com.cloud.test.HCM.TC_MSS_View_Organization_Chart"/>
</testsuite> <!-- com.cloud.test.HCM.TC_MSS_View_Organization_Chart -->
