<?xml version="1.0" encoding="UTF-8"?>
<!-- Generated by org.testng.reporters.JUnitReportReporter -->
<testsuite skipped="0" hostname="CBR-LAP-DEL2890" name="com.cloud.test.TC_AddORUpdateEmergencyContacts" tests="1" failures="0" timestamp="19 Apr 2018 16:07:48 GMT" time="112.589" errors="0">
  <testcase name="NewContacts_Information" time="112.589" classname="com.cloud.test.TC_AddORUpdateEmergencyContacts"/>
</testsuite> <!-- com.cloud.test.TC_AddORUpdateEmergencyContacts -->
