<?xml version="1.0" encoding="UTF-8"?>
<!-- Generated by org.testng.reporters.JUnitReportReporter -->
<testsuite skipped="0" hostname="CBR-LAP-DEL2890" name="com.cloud.test.Finance.TC_ValidateInvoicesInBatch" tests="1" failures="0" timestamp="22 May 2018 12:08:48 GMT" time="129.522" errors="0">
  <testcase name="Cloud_Validate_Invoices_InBatch" time="129.522" classname="com.cloud.test.Finance.TC_ValidateInvoicesInBatch"/>
</testsuite> <!-- com.cloud.test.Finance.TC_ValidateInvoicesInBatch -->
