<?xml version="1.0" encoding="UTF-8"?>
<!-- Generated by org.testng.reporters.JUnitReportReporter -->
<testsuite skipped="0" hostname="CBR-LAP-DEL2890" name="com.cloud.test.HCM.Phase2.GM_Create_New_Goal_in_Goal_Library_HR" tests="1" failures="0" timestamp="24 Jul 2018 08:57:17 GMT" time="39.443" errors="0">
  <testcase name="PM_Creating_Content_Type" time="39.443" classname="com.cloud.test.HCM.Phase2.GM_Create_New_Goal_in_Goal_Library_HR"/>
</testsuite> <!-- com.cloud.test.HCM.Phase2.GM_Create_New_Goal_in_Goal_Library_HR -->
