<?xml version="1.0" encoding="UTF-8"?>
<!-- Generated by org.testng.reporters.JUnitReportReporter -->
<testsuite skipped="0" hostname="CBR-LAP-DEL2890" name="com.cloud.util.DynamicTestNGSuite" tests="1" failures="0" timestamp="23 Jul 2018 14:25:23 GMT" time="364.993" errors="0">
  <testcase name="setTestNGXml" time="364.993" classname="com.cloud.util.DynamicTestNGSuite"/>
</testsuite> <!-- com.cloud.util.DynamicTestNGSuite -->
