<?xml version="1.0" encoding="UTF-8"?>
<!-- Generated by org.testng.reporters.JUnitReportReporter -->
<testsuite skipped="0" hostname="CBR-LAP-DEL2890" name="com.cloud.test.CoreHR.TC_HR_Promote_an_Employee" tests="1" failures="0" timestamp="16 Jul 2018 06:09:14 GMT" time="151.690" errors="0">
  <testcase name="HR_Promote_an_Employee" time="151.690" classname="com.cloud.test.CoreHR.TC_HR_Promote_an_Employee"/>
</testsuite> <!-- com.cloud.test.CoreHR.TC_HR_Promote_an_Employee -->
