<?xml version="1.0" encoding="UTF-8"?>
<!-- Generated by org.testng.reporters.JUnitReportReporter -->
<testsuite skipped="0" hostname="CBR-LAP-DEL2890" name="com.cloud.test.HCM.TC_Update_Phone_Number" tests="1" failures="0" timestamp="20 Jul 2018 13:18:26 GMT" time="113.150" errors="0">
  <testcase name="NewContacts_Information" time="113.150" classname="com.cloud.test.HCM.TC_Update_Phone_Number"/>
</testsuite> <!-- com.cloud.test.HCM.TC_Update_Phone_Number -->
