<?xml version="1.0" encoding="UTF-8"?>
<!-- Generated by org.testng.reporters.JUnitReportReporter -->
<testsuite skipped="0" hostname="CBR-LAP-DEL2890" name="com.cloud.test.HCM.TC_Update_Employee_Salary" tests="1" failures="0" timestamp="23 Jul 2018 14:25:22 GMT" time="121.993" errors="0">
  <testcase name="Update_Employee_Salary" time="121.993" classname="com.cloud.test.HCM.TC_Update_Employee_Salary"/>
</testsuite> <!-- com.cloud.test.HCM.TC_Update_Employee_Salary -->
