<?xml version="1.0" encoding="UTF-8"?>
<!-- Generated by org.testng.reporters.JUnitReportReporter -->
<testsuite skipped="0" hostname="CBR-LAP-DEL2890" name="com.cloud.test.Absence.TC_Employee_Applies_Leave" tests="1" failures="0" timestamp="31 May 2018 13:36:33 GMT" time="68.707" errors="0">
  <testcase name="Employee_Applies_Leave" time="68.707" classname="com.cloud.test.Absence.TC_Employee_Applies_Leave"/>
</testsuite> <!-- com.cloud.test.Absence.TC_Employee_Applies_Leave -->
