<?xml version="1.0" encoding="UTF-8"?>
<!-- Generated by org.testng.reporters.JUnitReportReporter -->
<testsuite skipped="0" hostname="CBR-LAP-DEL2890" name="com.cloud.test.HCM.TC_MSS_Promote_an_Employee" tests="1" failures="0" timestamp="23 Jul 2018 14:12:03 GMT" time="122.582" errors="0">
  <testcase name="MSS_Promote_an_Employee" time="122.582" classname="com.cloud.test.HCM.TC_MSS_Promote_an_Employee"/>
</testsuite> <!-- com.cloud.test.HCM.TC_MSS_Promote_an_Employee -->
