<?xml version="1.0" encoding="UTF-8"?>
<!-- Generated by org.testng.reporters.JUnitReportReporter -->
<testsuite skipped="0" hostname="CBR-LAP-DEL2890" name="com.cloud.test.HCM.TC_AddORUpdateEmergencyContacts" tests="1" failures="0" timestamp="20 Jul 2018 11:46:14 GMT" time="89.303" errors="0">
  <testcase name="NewContacts_Information" time="89.303" classname="com.cloud.test.HCM.TC_AddORUpdateEmergencyContacts"/>
</testsuite> <!-- com.cloud.test.HCM.TC_AddORUpdateEmergencyContacts -->
