<?xml version="1.0" encoding="UTF-8"?>
<!-- Generated by org.testng.reporters.JUnitReportReporter -->
<testsuite skipped="0" hostname="CBR-LAP-DEL2890" name="com.cloud.test.CoreHR_Phase2.ProfileManagement_Creating_Content_Item" tests="1" failures="0" timestamp="16 Jul 2018 13:50:35 GMT" time="48.667" errors="0">
  <testcase name="PM_Creating_Content_Item" time="48.667" classname="com.cloud.test.CoreHR_Phase2.ProfileManagement_Creating_Content_Item"/>
</testsuite> <!-- com.cloud.test.CoreHR_Phase2.ProfileManagement_Creating_Content_Item -->
