<?xml version="1.0" encoding="UTF-8"?>
<!-- Generated by org.testng.reporters.JUnitReportReporter -->
<testsuite skipped="0" hostname="CBR-LAP-DEL2890" name="com.cloud.test.CoreHR.TC_HR_Change_Manager" tests="1" failures="0" timestamp="17 Jul 2018 08:59:19 GMT" time="153.143" errors="0">
  <testcase name="HR_Change_Manager" time="153.143" classname="com.cloud.test.CoreHR.TC_HR_Change_Manager"/>
</testsuite> <!-- com.cloud.test.CoreHR.TC_HR_Change_Manager -->
