<?xml version="1.0" encoding="UTF-8"?>
<!-- Generated by org.testng.reporters.JUnitReportReporter -->
<testsuite skipped="0" hostname="CBR-LAP-DEL2890" name="com.cloud.test.HCM.TC_HR_Transfer_of_an_Employee" tests="1" failures="0" timestamp="20 Jul 2018 15:19:53 GMT" time="191.153" errors="0">
  <testcase name="HR_Transfer_of_an_Employee" time="191.153" classname="com.cloud.test.HCM.TC_HR_Transfer_of_an_Employee"/>
</testsuite> <!-- com.cloud.test.HCM.TC_HR_Transfer_of_an_Employee -->
