<?xml version="1.0" encoding="UTF-8"?>
<!-- Generated by org.testng.reporters.JUnitReportReporter -->
<testsuite skipped="0" hostname="CBR-LAP-DEL2890" name="com.cloud.test.HCM.TC_Global_Transfer" tests="1" failures="0" timestamp="20 Jul 2018 15:11:18 GMT" time="249.616" errors="0">
  <testcase name="Global_Transfer" time="249.616" classname="com.cloud.test.HCM.TC_Global_Transfer"/>
</testsuite> <!-- com.cloud.test.HCM.TC_Global_Transfer -->
