<?xml version="1.0" encoding="UTF-8"?>
<!-- Generated by org.testng.reporters.JUnitReportReporter -->
<testsuite skipped="0" hostname="CBR-LAP-DEL2890" name="com.cloud.test.HCM.TC_Update_an_Employee_Assignment" tests="1" failures="0" timestamp="20 Jul 2018 15:23:33 GMT" time="120.774" errors="0">
  <testcase name="Update_Employee_Assignment" time="120.774" classname="com.cloud.test.HCM.TC_Update_an_Employee_Assignment"/>
</testsuite> <!-- com.cloud.test.HCM.TC_Update_an_Employee_Assignment -->
